<?xml version="1.0" encoding="UTF-8"?>
<!-- Generated by org.testng.reporters.JUnitReportReporter -->
<testsuite skipped="0" hostname="bad-PC" name="demo.EventCase" tests="1" failures="0" timestamp="05 一月 2018 02:40:03 GMT" time="28.769" errors="0">
  <testcase name="wgz_zjiean" time="28.769" classname="demo.EventCase"/>
</testsuite> <!-- demo.EventCase -->
