<?xml version="1.0" encoding="UTF-8"?>
<!-- Generated by org.testng.reporters.JUnitReportReporter -->
<testsuite skipped="0" hostname="bad-PC" name="demo.EventCase2" tests="1" failures="0" timestamp="05 一月 2018 01:32:43 GMT" time="50.500" errors="0">
  <testcase name="wgz_zjiean" time="50.500" classname="demo.EventCase2"/>
</testsuite> <!-- demo.EventCase2 -->
